Tuesday, 13-Feb-24 21:54:34 UTC : El producto Test 2 se ha creado con exito
Tuesday, 13-Feb-24 22:24:24 UTC ERROR 1: Error al actualizar el producto Producto de prueba
Tuesday, 13-Feb-24 22:26:55 UTC : El producto Producto de prueba se ha actualizado con éxito
Tuesday, 13-Feb-24 22:27:14 UTC : El producto Producto de prueba se ha actualizado con éxito
Wednesday, 14-Feb-24 00:30:40 UTC : El producto Paraguas kechua se ha creado con exito
Wednesday, 14-Feb-24 00:31:23 UTC : El producto Platos de plastico se ha creado con exito
Wednesday, 14-Feb-24 01:12:06 UTC : El producto Test 2 se ha actualizado con éxito
Wednesday, 14-Feb-24 01:37:35 UTC : El producto Producto de prueba se ha actualizado con éxito
Wednesday, 14-Feb-24 01:40:17 UTC : El producto Producto de prueba se ha actualizado con éxito
Wednesday, 14-Feb-24 01:41:21 UTC : El producto Producto de prueba se ha actualizado con éxito
Wednesday, 14-Feb-24 01:41:28 UTC : El producto Producto de prueba se ha actualizado con éxito
Wednesday, 14-Feb-24 21:10:53 UTC : El producto test se ha creado con exito
Wednesday, 14-Feb-24 21:11:31 UTC : El producto otro producto se ha creado con exito
Wednesday, 14-Feb-24 21:50:02 UTC : El producto otro producto se ha actualizado con éxito
Wednesday, 14-Feb-24 21:59:02 UTC : El producto otro producto se ha actualizado con éxito
Wednesday, 14-Feb-24 21:59:14 UTC : El producto otro test se ha creado con exito
Wednesday, 14-Feb-24 23:03:19 UTC : El producto uihv se ha creado con exito
Thursday, 15-Feb-24 22:14:33 UTC : El producto test se ha actualizado con éxito
Thursday, 15-Feb-24 22:15:23 UTC : El producto test se ha actualizado con éxito
Thursday, 15-Feb-24 22:34:01 UTC : El producto otro test se ha actualizado con éxito
Friday, 16-Feb-24 02:02:24 UTC : El producto  se ha creado con exito
Friday, 16-Feb-24 02:03:59 UTC : El producto  se ha actualizado con éxito
Friday, 16-Feb-24 02:04:24 UTC : El producto  se ha actualizado con éxito
Friday, 16-Feb-24 02:13:35 UTC : El producto  se ha actualizado con éxito
Friday, 16-Feb-24 02:16:08 UTC : El producto  se ha actualizado con éxito
Friday, 16-Feb-24 02:16:18 UTC : El producto  se ha actualizado con éxito
Friday, 16-Feb-24 02:25:05 UTC : El producto  se ha actualizado con éxito
Friday, 16-Feb-24 02:27:16 UTC : El producto  se ha actualizado con éxito
Friday, 16-Feb-24 02:29:01 UTC : El producto  se ha actualizado con éxito
Friday, 16-Feb-24 02:32:13 UTC : El producto  se ha actualizado con éxito
Friday, 16-Feb-24 02:38:58 UTC : El producto  se ha actualizado con éxito
Friday, 16-Feb-24 02:44:05 UTC : El producto  se ha actualizado con éxito
Friday, 16-Feb-24 02:44:58 UTC : El producto  se ha actualizado con éxito
Friday, 16-Feb-24 02:45:15 UTC : El producto  se ha actualizado con éxito
Friday, 16-Feb-24 02:49:31 UTC : El producto  se ha actualizado con éxito
Friday, 16-Feb-24 03:25:24 UTC : El producto test se ha actualizado con éxito
Friday, 16-Feb-24 03:26:01 UTC : El producto  se ha actualizado con éxito
